#
# There is insufficient memory for the Java Runtime Environment to continue.
# Native memory allocation (mmap) failed to map 65536 bytes for Failed to commit metaspace.
# Possible reasons:
#   The system is out of physical RAM or swap space
#   The process is running with CompressedOops enabled, and the Java Heap may be blocking the growth of the native heap
# Possible solutions:
#   Reduce memory load on the system
#   Increase physical memory or swap space
#   Check if swap backing store is full
#   Decrease Java heap size (-Xmx/-Xms)
#   Decrease number of Java threads
#   Decrease Java thread stack sizes (-Xss)
#   Set larger code cache with -XX:ReservedCodeCacheSize=
#   JVM is running with Zero Based Compressed Oops mode in which the Java heap is
#     placed in the first 32GB address space. The Java Heap base address is the
#     maximum limit for the native heap growth. Please use -XX:HeapBaseMinAddress
#     to set the Java Heap base and to place the Java Heap above 32GB virtual address.
# This output file may be truncated or incomplete.
#
#  Out of Memory Error (virtualSpaceNode.cpp:110), pid=51444, tid=52460
#
# JRE version: Java(TM) SE Runtime Environment (17.0.14+8) (build 17.0.14+8-LTS-191)
# Java VM: Java HotSpot(TM) 64-Bit Server VM (17.0.14+8-LTS-191, mixed mode, emulated-client, sharing, tiered, compressed oops, compressed class ptrs, g1 gc, windows-amd64)
# No core dump will be written. Minidumps are not enabled by default on client versions of Windows
#

---------------  S U M M A R Y ------------

Command Line: -agentlib:jdwp=transport=dt_socket,address=127.0.0.1:55788,suspend=y,server=n -XX:TieredStopAtLevel=1 -Dspring.output.ansi.enabled=always -Dcom.sun.management.jmxremote -Dspring.jmx.enabled=true -Dspring.liveBeansView.mbeanDomain -Dspring.application.admin.enabled=true -Dmanagement.endpoints.jmx.exposure.include=* -javaagent:C:\Users\MOHAME~1\AppData\Local\Temp\captureAgent25884jars\debugger-agent.jar -Dfile.encoding=UTF-8 com.pfe.dataops.dataopsapi.DataopsApplication

Host: AMD Ryzen 7 5800H with Radeon Graphics         , 16 cores, 19G,  Windows 11 , 64 bit Build 26100 (10.0.26100.6725)
Time: Fri Oct 24 19:26:00 2025 Europe de l , 64 bit Build 26100 (10.0.26100.6725) elapsed time: 1.351396 seconds (0d 0h 0m 1s)

---------------  T H R E A D  ---------------

Current thread (0x000002a3f6cb67e0):  JavaThread "background-preinit" [_thread_in_vm, id=52460, stack(0x000000c47e800000,0x000000c47e900000)]

Stack: [0x000000c47e800000,0x000000c47e900000]
Native frames: (J=compiled Java code, j=interpreted, Vv=VM code, C=native code)
V  [jvm.dll+0x67a38a]
V  [jvm.dll+0x7da7ed]
V  [jvm.dll+0x7dc133]
V  [jvm.dll+0x7dc7a3]
V  [jvm.dll+0x24517f]
V  [jvm.dll+0x7d63bb]
V  [jvm.dll+0x620a36]
V  [jvm.dll+0x1beb37]
V  [jvm.dll+0x623392]
V  [jvm.dll+0x6213f6]
V  [jvm.dll+0x23a997]
V  [jvm.dll+0x1e41e1]
V  [jvm.dll+0x1e8d10]
V  [jvm.dll+0x1de861]
V  [jvm.dll+0x53fadc]
V  [jvm.dll+0x755818]
V  [jvm.dll+0x755904]
V  [jvm.dll+0x40d51f]
V  [jvm.dll+0x413fa9]
C  [java.dll+0x17ec]

Java frames: (J=compiled Java code, j=interpreted, Vv=VM code)
J 1019  java.lang.ClassLoader.defineClass1(Ljava/lang/ClassLoader;Ljava/lang/String;[BIILjava/security/ProtectionDomain;Ljava/lang/String;)Ljava/lang/Class; java.base@17.0.14 (0 bytes) @ 0x000002a39e4f73e3 [0x000002a39e4f7320+0x00000000000000c3]
J 1211 c1 java.lang.ClassLoader.defineClass(Ljava/lang/String;[BIILjava/security/ProtectionDomain;)Ljava/lang/Class; java.base@17.0.14 (43 bytes) @ 0x000002a39e555d24 [0x000002a39e555be0+0x0000000000000144]
J 1195 c1 jdk.internal.loader.BuiltinClassLoader.defineClass(Ljava/lang/String;Ljdk/internal/loader/Resource;)Ljava/lang/Class; java.base@17.0.14 (121 bytes) @ 0x000002a39e54fcac [0x000002a39e54f7a0+0x000000000000050c]
J 1191 c1 jdk.internal.loader.BuiltinClassLoader.findClassOnClassPathOrNull(Ljava/lang/String;)Ljava/lang/Class; java.base@17.0.14 (64 bytes) @ 0x000002a39e54c81c [0x000002a39e54c520+0x00000000000002fc]
J 962 c1 jdk.internal.loader.BuiltinClassLoader.loadClassOrNull(Ljava/lang/String;Z)Ljava/lang/Class; java.base@17.0.14 (143 bytes) @ 0x000002a39e4e2adc [0x000002a39e4e2600+0x00000000000004dc]
J 1098 c1 jdk.internal.loader.ClassLoaders$AppClassLoader.loadClass(Ljava/lang/String;Z)Ljava/lang/Class; java.base@17.0.14 (40 bytes) @ 0x000002a39e523c3c [0x000002a39e523b00+0x000000000000013c]
J 1097 c1 java.lang.ClassLoader.loadClass(Ljava/lang/String;)Ljava/lang/Class; java.base@17.0.14 (7 bytes) @ 0x000002a39e522f7c [0x000002a39e522f20+0x000000000000005c]
v  ~StubRoutines::call_stub
j  org.hibernate.validator.internal.metadata.provider.AnnotationMetaDataProvider.findExecutableMetaData(Ljava/lang/reflect/Executable;)Lorg/hibernate/validator/internal/metadata/raw/ConstrainedExecutable;+21
j  org.hibernate.validator.internal.metadata.provider.AnnotationMetaDataProvider.getMetaData([Ljava/lang/reflect/Executable;)Ljava/util/Set;+52
j  org.hibernate.validator.internal.metadata.provider.AnnotationMetaDataProvider.getMethodMetaData(Ljava/lang/Class;)Ljava/util/Set;+14
j  org.hibernate.validator.internal.metadata.provider.AnnotationMetaDataProvider.retrieveBeanConfiguration(Ljava/lang/Class;)Lorg/hibernate/validator/internal/metadata/raw/BeanConfiguration;+9
j  org.hibernate.validator.internal.metadata.provider.AnnotationMetaDataProvider.<init>(Lorg/hibernate/validator/internal/engine/ConstraintCreationContext;Lorg/hibernate/validator/internal/properties/javabean/JavaBeanHelper;Lorg/hibernate/validator/internal/metadata/core/AnnotationProcessingOptions;)V+23
j  org.hibernate.validator.internal.metadata.BeanMetaDataManagerImpl.<init>(Lorg/hibernate/validator/internal/engine/ConstraintCreationContext;Lorg/hibernate/validator/internal/util/ExecutableHelper;Lorg/hibernate/validator/internal/util/ExecutableParameterNameProvider;Lorg/hibernate/validator/internal/properties/javabean/JavaBeanHelper;Lorg/hibernate/validator/metadata/BeanMetaDataClassNormalizer;Lorg/hibernate/validator/internal/engine/groups/ValidationOrderGenerator;Ljava/util/List;Lorg/hibernate/validator/internal/engine/MethodValidationConfiguration;)V+83
j  org.hibernate.validator.internal.engine.ValidatorFactoryImpl.lambda$createValidator$0(Lorg/hibernate/validator/internal/engine/ConstraintCreationContext;Lorg/hibernate/validator/internal/engine/ValidatorFactoryScopedContext;Lorg/hibernate/validator/internal/engine/MethodValidationConfiguration;Lorg/hibernate/validator/internal/engine/ValidatorFactoryImpl$BeanMetaDataManagerKey;)Lorg/hibernate/validator/internal/metadata/BeanMetaDataManager;+30
j  org.hibernate.validator.internal.engine.ValidatorFactoryImpl$$Lambda$448+0x000002a3b227d2b8.apply(Ljava/lang/Object;)Ljava/lang/Object;+20
J 1062 c1 java.util.concurrent.ConcurrentHashMap.computeIfAbsent(Ljava/lang/Object;Ljava/util/function/Function;)Ljava/lang/Object; java.base@17.0.14 (576 bytes) @ 0x000002a39e512acc [0x000002a39e5127a0+0x000000000000032c]
j  org.hibernate.validator.internal.engine.ValidatorFactoryImpl.createValidator(Ljakarta/validation/ConstraintValidatorFactory;Lorg/hibernate/validator/internal/engine/ConstraintCreationContext;Lorg/hibernate/validator/internal/engine/ValidatorFactoryScopedContext;Lorg/hibernate/validator/internal/engine/MethodValidationConfiguration;)Ljakarta/validation/Validator;+31
j  org.hibernate.validator.internal.engine.ValidatorFactoryImpl.getValidator()Ljakarta/validation/Validator;+25
j  org.springframework.boot.autoconfigure.BackgroundPreinitializer$ValidationInitializer.run()V+15
j  org.springframework.boot.autoconfigure.BackgroundPreinitializer$1.runSafely(Ljava/lang/Runnable;)Z+1
j  org.springframework.boot.autoconfigure.BackgroundPreinitializer$1.run()V+20
j  java.lang.Thread.run()V+11 java.base@17.0.14
v  ~StubRoutines::call_stub

---------------  P R O C E S S  ---------------

Threads class SMR info:
_java_thread_list=0x000002a3f6d9ffb0, length=21, elements={
0x000002a394e629e0, 0x000002a3b071e660, 0x000002a3b0721cb0, 0x000002a3b0731680,
0x000002a3b0733f60, 0x000002a3b07373b0, 0x000002a3b073fc90, 0x000002a3b0740560,
0x000002a3b074e790, 0x000002a3b07084a0, 0x000002a3b0ccd5b0, 0x000002a3b0ccdad0,
0x000002a3b0ccf000, 0x000002a3b0d346a0, 0x000002a3b0d4df70, 0x000002a3b0d4e460,
0x000002a3b0d61370, 0x000002a3f6479910, 0x000002a3f6cd1420, 0x000002a3f6cb67e0,
0x000002a3f6d2e740
}

Java Threads: ( => current thread )
  0x000002a394e629e0 JavaThread "main" [_thread_in_vm, id=44272, stack(0x000000c47c200000,0x000000c47c300000)]
  0x000002a3b071e660 JavaThread "Reference Handler" daemon [_thread_blocked, id=42332, stack(0x000000c47c900000,0x000000c47ca00000)]
  0x000002a3b0721cb0 JavaThread "Finalizer" daemon [_thread_blocked, id=15988, stack(0x000000c47ca00000,0x000000c47cb00000)]
  0x000002a3b0731680 JavaThread "Signal Dispatcher" daemon [_thread_blocked, id=36060, stack(0x000000c47cb00000,0x000000c47cc00000)]
  0x000002a3b0733f60 JavaThread "Attach Listener" daemon [_thread_blocked, id=43860, stack(0x000000c47cc00000,0x000000c47cd00000)]
  0x000002a3b07373b0 JavaThread "Service Thread" daemon [_thread_blocked, id=47296, stack(0x000000c47cd00000,0x000000c47ce00000)]
  0x000002a3b073fc90 JavaThread "Monitor Deflation Thread" daemon [_thread_blocked, id=15856, stack(0x000000c47ce00000,0x000000c47cf00000)]
  0x000002a3b0740560 JavaThread "C1 CompilerThread0" daemon [_thread_blocked, id=43488, stack(0x000000c47cf00000,0x000000c47d000000)]
  0x000002a3b074e790 JavaThread "Sweeper thread" daemon [_thread_blocked, id=4032, stack(0x000000c47d000000,0x000000c47d100000)]
  0x000002a3b07084a0 JavaThread "Common-Cleaner" daemon [_thread_blocked, id=11868, stack(0x000000c47d100000,0x000000c47d200000)]
  0x000002a3b0ccd5b0 JavaThread "C1 CompilerThread1" daemon [_thread_blocked, id=41352, stack(0x000000c47d200000,0x000000c47d300000)]
  0x000002a3b0ccdad0 JavaThread "C1 CompilerThread2" daemon [_thread_blocked, id=34756, stack(0x000000c47d300000,0x000000c47d400000)]
  0x000002a3b0ccf000 JavaThread "C1 CompilerThread3" daemon [_thread_blocked, id=35272, stack(0x000000c47d400000,0x000000c47d500000)]
  0x000002a3b0d346a0 JavaThread "JDWP Transport Listener: dt_socket" daemon [_thread_blocked, id=50324, stack(0x000000c47d500000,0x000000c47d600000)]
  0x000002a3b0d4df70 JavaThread "JDWP Event Helper Thread" daemon [_thread_blocked, id=25688, stack(0x000000c47d600000,0x000000c47d700000)]
  0x000002a3b0d4e460 JavaThread "JDWP Command Reader" daemon [_thread_in_native, id=25652, stack(0x000000c47d700000,0x000000c47d800000)]
  0x000002a3b0d61370 JavaThread "Notification Thread" daemon [_thread_blocked, id=37668, stack(0x000000c47d800000,0x000000c47d900000)]
  0x000002a3f6479910 JavaThread "RMI TCP Accept-0" daemon [_thread_in_native, id=15768, stack(0x000000c47d900000,0x000000c47da00000)]
  0x000002a3f6cd1420 JavaThread "RMI TCP Connection(1)-172.17.128.1" daemon [_thread_in_native, id=29296, stack(0x000000c47e700000,0x000000c47e800000)]
=>0x000002a3f6cb67e0 JavaThread "background-preinit" [_thread_in_vm, id=52460, stack(0x000000c47e800000,0x000000c47e900000)]
  0x000002a3f6d2e740 JavaThread "RMI Scheduler(0)" daemon [_thread_blocked, id=5404, stack(0x000000c47e900000,0x000000c47ea00000)]

Other Threads:
  0x000002a3b0716d20 VMThread "VM Thread" [stack: 0x000000c47c800000,0x000000c47c900000] [id=39124]
  0x000002a394efe420 WatcherThread [stack: 0x000000c47da00000,0x000000c47db00000] [id=34232]
  0x000002a394edd810 GCTaskThread "GC Thread#0" [stack: 0x000000c47c300000,0x000000c47c400000] [id=39928]
  0x000002a3f64c26f0 GCTaskThread "GC Thread#1" [stack: 0x000000c47db00000,0x000000c47dc00000] [id=41896]
  0x000002a3f64d8050 GCTaskThread "GC Thread#2" [stack: 0x000000c47dc00000,0x000000c47dd00000] [id=19368]
  0x000002a3f64d8b30 GCTaskThread "GC Thread#3" [stack: 0x000000c47dd00000,0x000000c47de00000] [id=20452]
  0x000002a3f64b5ee0 GCTaskThread "GC Thread#4" [stack: 0x000000c47de00000,0x000000c47df00000] [id=50976]
  0x000002a3f64b6dc0 GCTaskThread "GC Thread#5" [stack: 0x000000c47df00000,0x000000c47e000000] [id=49572]
  0x000002a3f64b7490 GCTaskThread "GC Thread#6" [stack: 0x000000c47e000000,0x000000c47e100000] [id=47824]
  0x000002a3f64fa0b0 GCTaskThread "GC Thread#7" [stack: 0x000000c47e100000,0x000000c47e200000] [id=46752]
  0x000002a3f64fa370 GCTaskThread "GC Thread#8" [stack: 0x000000c47e200000,0x000000c47e300000] [id=40040]
  0x000002a3f64fc640 GCTaskThread "GC Thread#9" [stack: 0x000000c47e300000,0x000000c47e400000] [id=26384]
  0x000002a3f64fcd10 GCTaskThread "GC Thread#10" [stack: 0x000000c47e400000,0x000000c47e500000] [id=39532]
  0x000002a3f64fdbf0 GCTaskThread "GC Thread#11" [stack: 0x000000c47e500000,0x000000c47e600000] [id=37004]
  0x000002a3f6720b90 GCTaskThread "GC Thread#12" [stack: 0x000000c47e600000,0x000000c47e700000] [id=36452]
  0x000002a394eeb6d0 ConcurrentGCThread "G1 Main Marker" [stack: 0x000000c47c400000,0x000000c47c500000] [id=16420]
  0x000002a394eeda10 ConcurrentGCThread "G1 Conc#0" [stack: 0x000000c47c500000,0x000000c47c600000] [id=52320]
  0x000002a3b05d8940 ConcurrentGCThread "G1 Refine#0" [stack: 0x000000c47c600000,0x000000c47c700000] [id=34948]
  0x000002a3b05d9020 ConcurrentGCThread "G1 Service" [stack: 0x000000c47c700000,0x000000c47c800000] [id=42028]

Threads with active compile tasks:

VM state: not at safepoint (normal execution)

VM Mutex/Monitor currently owned by a thread:  ([mutex/lock_event])
[0x000002a394e50180] Metaspace_lock - owner thread: 0x000002a3f6cb67e0

Heap address: 0x00000006c2400000, size: 5084 MB, Compressed Oops mode: Zero based, Oop shift amount: 3

CDS archive(s) mapped at: [0x000002a3b1000000-0x000002a3b1bd0000-0x000002a3b1bd0000), size 12386304, SharedBaseAddress: 0x000002a3b1000000, ArchiveRelocationMode: 1.
Compressed class space mapped at: 0x000002a3b2000000-0x000002a3f2000000, reserved size: 1073741824
Narrow klass base: 0x000002a3b1000000, Narrow klass shift: 0, Narrow klass range: 0x100000000

GC Precious Log:
 CPUs: 16 total, 16 available
 Memory: 20332M
 Large Page Support: Disabled
 NUMA Support: Disabled
 Compressed Oops: Enabled (Zero based)
 Heap Region Size: 4M
 Heap Min Capacity: 8M
 Heap Initial Capacity: 320M
 Heap Max Capacity: 5084M
 Pre-touch: Disabled
 Parallel Workers: 13
 Concurrent Workers: 3
 Concurrent Refinement Workers: 13
 Periodic GC: Disabled

Heap:
 garbage-first heap   total 327680K, used 49305K [0x00000006c2400000, 0x0000000800000000)
  region size 4096K, 12 young (49152K), 1 survivors (4096K)
 Metaspace       used 15792K, committed 16192K, reserved 1114112K
  class space    used 2267K, committed 2496K, reserved 1048576K

Heap Regions: E=young(eden), S=young(survivor), O=old, HS=humongous(starts), HC=humongous(continues), CS=collection set, F=free, OA=open archive, CA=closed archive, TAMS=top-at-mark-start (previous, next)
|   0|0x00000006c2400000, 0x00000006c2800000, 0x00000006c2800000|100%| O|  |TAMS 0x00000006c2400000, 0x00000006c2400000| Untracked 
|   1|0x00000006c2800000, 0x00000006c2ac6e00, 0x00000006c2c00000| 69%| O|  |TAMS 0x00000006c2800000, 0x00000006c2800000| Untracked 
|   2|0x00000006c2c00000, 0x00000006c2c00000, 0x00000006c3000000|  0%| F|  |TAMS 0x00000006c2c00000, 0x00000006c2c00000| Untracked 
|   3|0x00000006c3000000, 0x00000006c3000000, 0x00000006c3400000|  0%| F|  |TAMS 0x00000006c3000000, 0x00000006c3000000| Untracked 
|   4|0x00000006c3400000, 0x00000006c3400000, 0x00000006c3800000|  0%| F|  |TAMS 0x00000006c3400000, 0x00000006c3400000| Untracked 
|   5|0x00000006c3800000, 0x00000006c3800000, 0x00000006c3c00000|  0%| F|  |TAMS 0x00000006c3800000, 0x00000006c3800000| Untracked 
|   6|0x00000006c3c00000, 0x00000006c3c00000, 0x00000006c4000000|  0%| F|  |TAMS 0x00000006c3c00000, 0x00000006c3c00000| Untracked 
|   7|0x00000006c4000000, 0x00000006c4000000, 0x00000006c4400000|  0%| F|  |TAMS 0x00000006c4000000, 0x00000006c4000000| Untracked 
|   8|0x00000006c4400000, 0x00000006c4400000, 0x00000006c4800000|  0%| F|  |TAMS 0x00000006c4400000, 0x00000006c4400000| Untracked 
|   9|0x00000006c4800000, 0x00000006c4800000, 0x00000006c4c00000|  0%| F|  |TAMS 0x00000006c4800000, 0x00000006c4800000| Untracked 
|  10|0x00000006c4c00000, 0x00000006c4c00000, 0x00000006c5000000|  0%| F|  |TAMS 0x00000006c4c00000, 0x00000006c4c00000| Untracked 
|  11|0x00000006c5000000, 0x00000006c5000000, 0x00000006c5400000|  0%| F|  |TAMS 0x00000006c5000000, 0x00000006c5000000| Untracked 
|  12|0x00000006c5400000, 0x00000006c5400000, 0x00000006c5800000|  0%| F|  |TAMS 0x00000006c5400000, 0x00000006c5400000| Untracked 
|  13|0x00000006c5800000, 0x00000006c5800000, 0x00000006c5c00000|  0%| F|  |TAMS 0x00000006c5800000, 0x00000006c5800000| Untracked 
|  14|0x00000006c5c00000, 0x00000006c5c00000, 0x00000006c6000000|  0%| F|  |TAMS 0x00000006c5c00000, 0x00000006c5c00000| Untracked 
|  15|0x00000006c6000000, 0x00000006c6000000, 0x00000006c6400000|  0%| F|  |TAMS 0x00000006c6000000, 0x00000006c6000000| Untracked 
|  16|0x00000006c6400000, 0x00000006c6400000, 0x00000006c6800000|  0%| F|  |TAMS 0x00000006c6400000, 0x00000006c6400000| Untracked 
|  17|0x00000006c6800000, 0x00000006c6800000, 0x00000006c6c00000|  0%| F|  |TAMS 0x00000006c6800000, 0x00000006c6800000| Untracked 
|  18|0x00000006c6c00000, 0x00000006c6c00000, 0x00000006c7000000|  0%| F|  |TAMS 0x00000006c6c00000, 0x00000006c6c00000| Untracked 
|  19|0x00000006c7000000, 0x00000006c7000000, 0x00000006c7400000|  0%| F|  |TAMS 0x00000006c7000000, 0x00000006c7000000| Untracked 
|  20|0x00000006c7400000, 0x00000006c7400000, 0x00000006c7800000|  0%| F|  |TAMS 0x00000006c7400000, 0x00000006c7400000| Untracked 
|  21|0x00000006c7800000, 0x00000006c7800000, 0x00000006c7c00000|  0%| F|  |TAMS 0x00000006c7800000, 0x00000006c7800000| Untracked 
|  22|0x00000006c7c00000, 0x00000006c7c00000, 0x00000006c8000000|  0%| F|  |TAMS 0x00000006c7c00000, 0x00000006c7c00000| Untracked 
|  23|0x00000006c8000000, 0x00000006c8000000, 0x00000006c8400000|  0%| F|  |TAMS 0x00000006c8000000, 0x00000006c8000000| Untracked 
|  24|0x00000006c8400000, 0x00000006c8400000, 0x00000006c8800000|  0%| F|  |TAMS 0x00000006c8400000, 0x00000006c8400000| Untracked 
|  25|0x00000006c8800000, 0x00000006c8800000, 0x00000006c8c00000|  0%| F|  |TAMS 0x00000006c8800000, 0x00000006c8800000| Untracked 
|  26|0x00000006c8c00000, 0x00000006c8c00000, 0x00000006c9000000|  0%| F|  |TAMS 0x00000006c8c00000, 0x00000006c8c00000| Untracked 
|  27|0x00000006c9000000, 0x00000006c9000000, 0x00000006c9400000|  0%| F|  |TAMS 0x00000006c9000000, 0x00000006c9000000| Untracked 
|  28|0x00000006c9400000, 0x00000006c9400000, 0x00000006c9800000|  0%| F|  |TAMS 0x00000006c9400000, 0x00000006c9400000| Untracked 
|  29|0x00000006c9800000, 0x00000006c9800000, 0x00000006c9c00000|  0%| F|  |TAMS 0x00000006c9800000, 0x00000006c9800000| Untracked 
|  30|0x00000006c9c00000, 0x00000006c9c00000, 0x00000006ca000000|  0%| F|  |TAMS 0x00000006c9c00000, 0x00000006c9c00000| Untracked 
|  31|0x00000006ca000000, 0x00000006ca000000, 0x00000006ca400000|  0%| F|  |TAMS 0x00000006ca000000, 0x00000006ca000000| Untracked 
|  32|0x00000006ca400000, 0x00000006ca400000, 0x00000006ca800000|  0%| F|  |TAMS 0x00000006ca400000, 0x00000006ca400000| Untracked 
|  33|0x00000006ca800000, 0x00000006ca800000, 0x00000006cac00000|  0%| F|  |TAMS 0x00000006ca800000, 0x00000006ca800000| Untracked 
|  34|0x00000006cac00000, 0x00000006cac00000, 0x00000006cb000000|  0%| F|  |TAMS 0x00000006cac00000, 0x00000006cac00000| Untracked 
|  35|0x00000006cb000000, 0x00000006cb000000, 0x00000006cb400000|  0%| F|  |TAMS 0x00000006cb000000, 0x00000006cb000000| Untracked 
|  36|0x00000006cb400000, 0x00000006cb400000, 0x00000006cb800000|  0%| F|  |TAMS 0x00000006cb400000, 0x00000006cb400000| Untracked 
|  37|0x00000006cb800000, 0x00000006cb800000, 0x00000006cbc00000|  0%| F|  |TAMS 0x00000006cb800000, 0x00000006cb800000| Untracked 
|  38|0x00000006cbc00000, 0x00000006cbc00000, 0x00000006cc000000|  0%| F|  |TAMS 0x00000006cbc00000, 0x00000006cbc00000| Untracked 
|  39|0x00000006cc000000, 0x00000006cc000000, 0x00000006cc400000|  0%| F|  |TAMS 0x00000006cc000000, 0x00000006cc000000| Untracked 
|  40|0x00000006cc400000, 0x00000006cc400000, 0x00000006cc800000|  0%| F|  |TAMS 0x00000006cc400000, 0x00000006cc400000| Untracked 
|  41|0x00000006cc800000, 0x00000006cc800000, 0x00000006ccc00000|  0%| F|  |TAMS 0x00000006cc800000, 0x00000006cc800000| Untracked 
|  42|0x00000006ccc00000, 0x00000006ccc00000, 0x00000006cd000000|  0%| F|  |TAMS 0x00000006ccc00000, 0x00000006ccc00000| Untracked 
|  43|0x00000006cd000000, 0x00000006cd000000, 0x00000006cd400000|  0%| F|  |TAMS 0x00000006cd000000, 0x00000006cd000000| Untracked 
|  44|0x00000006cd400000, 0x00000006cd400000, 0x00000006cd800000|  0%| F|  |TAMS 0x00000006cd400000, 0x00000006cd400000| Untracked 
|  45|0x00000006cd800000, 0x00000006cd800000, 0x00000006cdc00000|  0%| F|  |TAMS 0x00000006cd800000, 0x00000006cd800000| Untracked 
|  46|0x00000006cdc00000, 0x00000006cdc00000, 0x00000006ce000000|  0%| F|  |TAMS 0x00000006cdc00000, 0x00000006cdc00000| Untracked 
|  47|0x00000006ce000000, 0x00000006ce000000, 0x00000006ce400000|  0%| F|  |TAMS 0x00000006ce000000, 0x00000006ce000000| Untracked 
|  48|0x00000006ce400000, 0x00000006ce400000, 0x00000006ce800000|  0%| F|  |TAMS 0x00000006ce400000, 0x00000006ce400000| Untracked 
|  49|0x00000006ce800000, 0x00000006ce800000, 0x00000006cec00000|  0%| F|  |TAMS 0x00000006ce800000, 0x00000006ce800000| Untracked 
|  50|0x00000006cec00000, 0x00000006cec00000, 0x00000006cf000000|  0%| F|  |TAMS 0x00000006cec00000, 0x00000006cec00000| Untracked 
|  51|0x00000006cf000000, 0x00000006cf000000, 0x00000006cf400000|  0%| F|  |TAMS 0x00000006cf000000, 0x00000006cf000000| Untracked 
|  52|0x00000006cf400000, 0x00000006cf400000, 0x00000006cf800000|  0%| F|  |TAMS 0x00000006cf400000, 0x00000006cf400000| Untracked 
|  53|0x00000006cf800000, 0x00000006cf800000, 0x00000006cfc00000|  0%| F|  |TAMS 0x00000006cf800000, 0x00000006cf800000| Untracked 
|  54|0x00000006cfc00000, 0x00000006cfc00000, 0x00000006d0000000|  0%| F|  |TAMS 0x00000006cfc00000, 0x00000006cfc00000| Untracked 
|  55|0x00000006d0000000, 0x00000006d0000000, 0x00000006d0400000|  0%| F|  |TAMS 0x00000006d0000000, 0x00000006d0000000| Untracked 
|  56|0x00000006d0400000, 0x00000006d0400000, 0x00000006d0800000|  0%| F|  |TAMS 0x00000006d0400000, 0x00000006d0400000| Untracked 
|  57|0x00000006d0800000, 0x00000006d0800000, 0x00000006d0c00000|  0%| F|  |TAMS 0x00000006d0800000, 0x00000006d0800000| Untracked 
|  58|0x00000006d0c00000, 0x00000006d0c00000, 0x00000006d1000000|  0%| F|  |TAMS 0x00000006d0c00000, 0x00000006d0c00000| Untracked 
|  59|0x00000006d1000000, 0x00000006d1000000, 0x00000006d1400000|  0%| F|  |TAMS 0x00000006d1000000, 0x00000006d1000000| Untracked 
|  60|0x00000006d1400000, 0x00000006d1400000, 0x00000006d1800000|  0%| F|  |TAMS 0x00000006d1400000, 0x00000006d1400000| Untracked 
|  61|0x00000006d1800000, 0x00000006d1800000, 0x00000006d1c00000|  0%| F|  |TAMS 0x00000006d1800000, 0x00000006d1800000| Untracked 
|  62|0x00000006d1c00000, 0x00000006d1c00000, 0x00000006d2000000|  0%| F|  |TAMS 0x00000006d1c00000, 0x00000006d1c00000| Untracked 
|  63|0x00000006d2000000, 0x00000006d2000000, 0x00000006d2400000|  0%| F|  |TAMS 0x00000006d2000000, 0x00000006d2000000| Untracked 
|  64|0x00000006d2400000, 0x00000006d2400000, 0x00000006d2800000|  0%| F|  |TAMS 0x00000006d2400000, 0x00000006d2400000| Untracked 
|  65|0x00000006d2800000, 0x00000006d2800000, 0x00000006d2c00000|  0%| F|  |TAMS 0x00000006d2800000, 0x00000006d2800000| Untracked 
|  66|0x00000006d2c00000, 0x00000006d2c00000, 0x00000006d3000000|  0%| F|  |TAMS 0x00000006d2c00000, 0x00000006d2c00000| Untracked 
|  67|0x00000006d3000000, 0x00000006d3000000, 0x00000006d3400000|  0%| F|  |TAMS 0x00000006d3000000, 0x00000006d3000000| Untracked 
|  68|0x00000006d3400000, 0x00000006d36629d8, 0x00000006d3800000| 59%| E|  |TAMS 0x00000006d3400000, 0x00000006d3400000| Complete 
|  69|0x00000006d3800000, 0x00000006d3c00000, 0x00000006d3c00000|100%| E|CS|TAMS 0x00000006d3800000, 0x00000006d3800000| Complete 
|  70|0x00000006d3c00000, 0x00000006d4000000, 0x00000006d4000000|100%| E|CS|TAMS 0x00000006d3c00000, 0x00000006d3c00000| Complete 
|  71|0x00000006d4000000, 0x00000006d4400000, 0x00000006d4400000|100%| E|CS|TAMS 0x00000006d4000000, 0x00000006d4000000| Complete 
|  72|0x00000006d4400000, 0x00000006d4800000, 0x00000006d4800000|100%| E|CS|TAMS 0x00000006d4400000, 0x00000006d4400000| Complete 
|  73|0x00000006d4800000, 0x00000006d4c00000, 0x00000006d4c00000|100%| E|CS|TAMS 0x00000006d4800000, 0x00000006d4800000| Complete 
|  74|0x00000006d4c00000, 0x00000006d5000000, 0x00000006d5000000|100%| E|CS|TAMS 0x00000006d4c00000, 0x00000006d4c00000| Complete 
|  75|0x00000006d5000000, 0x00000006d515f740, 0x00000006d5400000| 34%| S|CS|TAMS 0x00000006d5000000, 0x00000006d5000000| Complete 
|  76|0x00000006d5400000, 0x00000006d5800000, 0x00000006d5800000|100%| E|CS|TAMS 0x00000006d5400000, 0x00000006d5400000| Complete 
|  77|0x00000006d5800000, 0x00000006d5c00000, 0x00000006d5c00000|100%| E|CS|TAMS 0x00000006d5800000, 0x00000006d5800000| Complete 
|  78|0x00000006d5c00000, 0x00000006d6000000, 0x00000006d6000000|100%| E|CS|TAMS 0x00000006d5c00000, 0x00000006d5c00000| Complete 
|  79|0x00000006d6000000, 0x00000006d6400000, 0x00000006d6400000|100%| E|CS|TAMS 0x00000006d6000000, 0x00000006d6000000| Complete 

Card table byte_map: [0x000002a3a2780000,0x000002a3a3170000] _byte_map_base: 0x000002a39f16e000

Marking Bits (Prev, Next): (CMBitMap*) 0x000002a394eded50, (CMBitMap*) 0x000002a394eded90
 Prev Bits: [0x000002a3a3b60000, 0x000002a3a8ad0000)
 Next Bits: [0x000002a3a8ad0000, 0x000002a3ada40000)

Polling page: 0x000002a394f20000

Metaspace:

Usage:
  Non-class:     13.21 MB used.
      Class:      2.21 MB used.
       Both:     15.42 MB used.

Virtual space:
  Non-class space:       64.00 MB reserved,      13.38 MB ( 21%) committed,  1 nodes.
      Class space:        1.00 GB reserved,       2.44 MB ( <1%) committed,  1 nodes.
             Both:        1.06 GB reserved,      15.81 MB (  1%) committed. 

Chunk freelists:
   Non-Class:  1.86 MB
       Class:  13.48 MB
        Both:  15.34 MB

MaxMetaspaceSize: unlimited
CompressedClassSpaceSize: 1.00 GB
Initial GC threshold: 21.00 MB
Current GC threshold: 21.00 MB
CDS: on
MetaspaceReclaimPolicy: balanced
 - commit_granule_bytes: 65536.
 - commit_granule_words: 8192.
 - virtual_space_node_default_size: 8388608.
 - enlarge_chunks_in_place: 1.
 - new_chunks_are_fully_committed: 0.
 - uncommit_free_chunks: 1.
 - use_allocation_guard: 0.
 - handle_deallocations: 1.


Internal statistics:

num_allocs_failed_limit: 0.
num_arena_births: 432.
num_arena_deaths: 0.
num_vsnodes_births: 2.
num_vsnodes_deaths: 0.
num_space_committed: 253.
num_space_uncommitted: 0.
num_chunks_returned_to_freelist: 0.
num_chunks_taken_from_freelist: 940.
num_chunk_merges: 0.
num_chunk_splits: 598.
num_chunks_enlarged: 399.
num_inconsistent_stats: 0.

CodeCache: size=49152Kb used=6403Kb max_used=6403Kb free=42748Kb
 bounds [0x000002a39e0c0000, 0x000002a39e710000, 0x000002a3a10c0000]
 total_blobs=2758 nmethods=2258 adapters=424
 compilation: enabled
              stopped_count=0, restarted_count=0
 full_count=0

Compilation events (20 events):
Event: 1.316 Thread 0x000002a3b0ccdad0 2249       1       jdk.internal.loader.AbstractClassLoaderValue$Sub::<init> (15 bytes)
Event: 1.316 Thread 0x000002a3b0ccd5b0 2250       1       jdk.internal.loader.AbstractClassLoaderValue::sub (10 bytes)
Event: 1.316 Thread 0x000002a3b0ccf000 2251       1       java.lang.ClassLoader::createOrGetClassLoaderValueMap (37 bytes)
Event: 1.316 Thread 0x000002a3b0ccdad0 nmethod 2249 0x000002a39e6fc990 code [0x000002a39e6fcb20, 0x000002a39e6fcc98]
Event: 1.316 Thread 0x000002a3b0ccd5b0 nmethod 2250 0x000002a39e6fcd10 code [0x000002a39e6fcea0, 0x000002a39e6fd078]
Event: 1.317 Thread 0x000002a3b0ccf000 nmethod 2251 0x000002a39e6fd110 code [0x000002a39e6fd2a0, 0x000002a39e6fd448]
Event: 1.319 Thread 0x000002a3b0ccd5b0 2252       1       java.lang.invoke.ClassSpecializer$SpeciesData::transformHelper (56 bytes)
Event: 1.320 Thread 0x000002a3b0ccd5b0 nmethod 2252 0x000002a39e6fd510 code [0x000002a39e6fd740, 0x000002a39e6fdce8]
Event: 1.327 Thread 0x000002a3b0ccd5b0 2253       1       java.lang.invoke.MethodHandles$Lookup::getDirectConstructorCommon (69 bytes)
Event: 1.327 Thread 0x000002a3b0740560 2254       1       java.lang.invoke.DirectMethodHandle::makeAllocator (137 bytes)
Event: 1.327 Thread 0x000002a3b0ccf000 2255       1       java.lang.invoke.MemberName::asConstructor (58 bytes)
Event: 1.327 Thread 0x000002a3b0ccdad0 2256       1       java.lang.invoke.MemberName::asSpecial (89 bytes)
Event: 1.327 Thread 0x000002a3b0ccf000 nmethod 2255 0x000002a39e6fe090 code [0x000002a39e6fe280, 0x000002a39e6fe5a8]
Event: 1.327 Thread 0x000002a3b0740560 nmethod 2254 0x000002a39e6fe790 code [0x000002a39e6fe960, 0x000002a39e6febd8]
Event: 1.328 Thread 0x000002a3b0ccdad0 nmethod 2256 0x000002a39e6fee10 code [0x000002a39e6ff080, 0x000002a39e6ff6a8]
Event: 1.328 Thread 0x000002a3b0ccd5b0 nmethod 2253 0x000002a39e6ffa90 code [0x000002a39e6ffc80, 0x000002a39e6ffff8]
Event: 1.334 Thread 0x000002a3b0ccdad0 2257       1       java.lang.Long::longValue (5 bytes)
Event: 1.334 Thread 0x000002a3b0ccdad0 nmethod 2257 0x000002a39e700590 code [0x000002a39e700720, 0x000002a39e7007f8]
Event: 1.336 Thread 0x000002a3b0ccdad0 2258       1       java.util.concurrent.ConcurrentHashMap::containsKey (14 bytes)
Event: 1.337 Thread 0x000002a3b0ccdad0 nmethod 2258 0x000002a39e700b90 code [0x000002a39e700d20, 0x000002a39e700e28]

GC Heap History (4 events):
Event: 0.537 GC heap before
{Heap before GC invocations=0 (full 0):
 garbage-first heap   total 327680K, used 16384K [0x00000006c2400000, 0x0000000800000000)
  region size 4096K, 5 young (20480K), 0 survivors (0K)
 Metaspace       used 4667K, committed 4800K, reserved 1114112K
  class space    used 548K, committed 640K, reserved 1048576K
}
Event: 0.542 GC heap after
{Heap after GC invocations=1 (full 0):
 garbage-first heap   total 327680K, used 6815K [0x00000006c2400000, 0x0000000800000000)
  region size 4096K, 1 young (4096K), 1 survivors (4096K)
 Metaspace       used 4667K, committed 4800K, reserved 1114112K
  class space    used 548K, committed 640K, reserved 1048576K
}
Event: 0.847 GC heap before
{Heap before GC invocations=1 (full 0):
 garbage-first heap   total 327680K, used 23199K [0x00000006c2400000, 0x0000000800000000)
  region size 4096K, 5 young (20480K), 1 survivors (4096K)
 Metaspace       used 8075K, committed 8320K, reserved 1114112K
  class space    used 1032K, committed 1152K, reserved 1048576K
}
Event: 0.850 GC heap after
{Heap after GC invocations=2 (full 0):
 garbage-first heap   total 327680K, used 8345K [0x00000006c2400000, 0x0000000800000000)
  region size 4096K, 1 young (4096K), 1 survivors (4096K)
 Metaspace       used 8075K, committed 8320K, reserved 1114112K
  class space    used 1032K, committed 1152K, reserved 1048576K
}

Deoptimization events (20 events):
Event: 1.336 Thread 0x000002a394e629e0 DEOPT PACKING pc=0x000002a39e576c5c sp=0x000000c47c2fd380
Event: 1.336 Thread 0x000002a394e629e0 DEOPT UNPACKING pc=0x000002a39e112b43 sp=0x000000c47c2fc870 mode 1
Event: 1.336 Thread 0x000002a3f6cb67e0 DEOPT PACKING pc=0x000002a39e523ce4 sp=0x000000c47e8fdb20
Event: 1.336 Thread 0x000002a3f6cb67e0 DEOPT UNPACKING pc=0x000002a39e112b43 sp=0x000000c47e8fcfb8 mode 1
Event: 1.336 Thread 0x000002a3f6cb67e0 DEOPT PACKING pc=0x000002a39e522f7c sp=0x000000c47e8fdbf0
Event: 1.336 Thread 0x000002a3f6cb67e0 DEOPT UNPACKING pc=0x000002a39e112b43 sp=0x000000c47e8fd0a8 mode 1
Event: 1.336 Thread 0x000002a3f6cb67e0 DEOPT PACKING pc=0x000002a39e576c5c sp=0x000000c47e8fe600
Event: 1.336 Thread 0x000002a3f6cb67e0 DEOPT UNPACKING pc=0x000002a39e112b43 sp=0x000000c47e8fdaf0 mode 1
Event: 1.341 Thread 0x000002a3f6cb67e0 DEOPT PACKING pc=0x000002a39e523ce4 sp=0x000000c47e8fda70
Event: 1.341 Thread 0x000002a3f6cb67e0 DEOPT UNPACKING pc=0x000002a39e112b43 sp=0x000000c47e8fcf08 mode 1
Event: 1.341 Thread 0x000002a3f6cb67e0 DEOPT PACKING pc=0x000002a39e522f7c sp=0x000000c47e8fdb40
Event: 1.341 Thread 0x000002a3f6cb67e0 DEOPT UNPACKING pc=0x000002a39e112b43 sp=0x000000c47e8fcff8 mode 1
Event: 1.341 Thread 0x000002a3f6cb67e0 DEOPT PACKING pc=0x000002a39e576c5c sp=0x000000c47e8fe550
Event: 1.341 Thread 0x000002a3f6cb67e0 DEOPT UNPACKING pc=0x000002a39e112b43 sp=0x000000c47e8fda40 mode 1
Event: 1.341 Thread 0x000002a3f6cb67e0 DEOPT PACKING pc=0x000002a39e523ce4 sp=0x000000c47e8fda70
Event: 1.341 Thread 0x000002a3f6cb67e0 DEOPT UNPACKING pc=0x000002a39e112b43 sp=0x000000c47e8fcf08 mode 1
Event: 1.341 Thread 0x000002a3f6cb67e0 DEOPT PACKING pc=0x000002a39e522f7c sp=0x000000c47e8fdb40
Event: 1.341 Thread 0x000002a3f6cb67e0 DEOPT UNPACKING pc=0x000002a39e112b43 sp=0x000000c47e8fcff8 mode 1
Event: 1.341 Thread 0x000002a3f6cb67e0 DEOPT PACKING pc=0x000002a39e576c5c sp=0x000000c47e8fe550
Event: 1.341 Thread 0x000002a3f6cb67e0 DEOPT UNPACKING pc=0x000002a39e112b43 sp=0x000000c47e8fda40 mode 1

Classes unloaded (0 events):
No events

Classes redefined (0 events):
No events

Internal exceptions (20 events):
Event: 1.000 Thread 0x000002a394e629e0 Exception <a 'java/lang/NoSuchMethodError'{0x00000006d58e3018}: 'java.lang.Object java.lang.invoke.Invokers$Holder.linkToTargetMethod(java.lang.Object, java.lang.Object, int, java.lang.Object, java.lang.Object)'> (0x00000006d58e3018) 
thrown [s\open\src\hotspot\share\interpreter\linkResolver.cpp, line 759]
Event: 1.001 Thread 0x000002a394e629e0 Exception <a 'java/lang/NoSuchMethodError'{0x00000006d58f3358}: 'java.lang.Object java.lang.invoke.DirectMethodHandle$Holder.newInvokeSpecial(java.lang.Object, int, java.lang.Object)'> (0x00000006d58f3358) 
thrown [s\open\src\hotspot\share\interpreter\linkResolver.cpp, line 759]
Event: 1.002 Thread 0x000002a394e629e0 Exception <a 'java/lang/NoSuchMethodError'{0x00000006d58f7b88}: 'int java.lang.invoke.DirectMethodHandle$Holder.invokeSpecialIFC(java.lang.Object, java.lang.Object, java.lang.Object, java.lang.Object)'> (0x00000006d58f7b88) 
thrown [s\open\src\hotspot\share\interpreter\linkResolver.cpp, line 759]
Event: 1.021 Thread 0x000002a394e629e0 Exception <a 'java/lang/NoSuchMethodError'{0x00000006d59bed90}: 'void java.lang.invoke.DirectMethodHandle$Holder.invokeInterface(java.lang.Object, java.lang.Object, java.lang.Object)'> (0x00000006d59bed90) 
thrown [s\open\src\hotspot\share\interpreter\linkResolver.cpp, line 759]
Event: 1.037 Thread 0x000002a394e629e0 Exception <a 'java/lang/NoSuchMethodError'{0x00000006d5a4a110}: 'java.lang.Object java.lang.invoke.DirectMethodHandle$Holder.invokeVirtual(java.lang.Object, java.lang.Object, java.lang.Object)'> (0x00000006d5a4a110) 
thrown [s\open\src\hotspot\share\interpreter\linkResolver.cpp, line 759]
Event: 1.056 Thread 0x000002a394e629e0 Exception <a 'java/lang/NoSuchMethodError'{0x00000006d5b57268}: 'void java.lang.invoke.DirectMethodHandle$Holder.invokeStatic(java.lang.Object, java.lang.Object, int)'> (0x00000006d5b57268) 
thrown [s\open\src\hotspot\share\interpreter\linkResolver.cpp, line 759]
Event: 1.059 Thread 0x000002a394e629e0 Exception <a 'java/lang/NoSuchMethodError'{0x00000006d5b6a4e0}: 'void java.lang.invoke.DirectMethodHandle$Holder.invokeStaticInit(java.lang.Object, java.lang.Object, java.lang.Object)'> (0x00000006d5b6a4e0) 
thrown [s\open\src\hotspot\share\interpreter\linkResolver.cpp, line 759]
Event: 1.076 Thread 0x000002a394e629e0 Exception <a 'java/lang/NoSuchMethodError'{0x00000006d54645e0}: 'java.lang.Object java.lang.invoke.DirectMethodHandle$Holder.newInvokeSpecial(java.lang.Object, long)'> (0x00000006d54645e0) 
thrown [s\open\src\hotspot\share\interpreter\linkResolver.cpp, line 759]
Event: 1.076 Thread 0x000002a394e629e0 Exception <a 'java/lang/NoSuchMethodError'{0x00000006d546be78}: 'void java.lang.invoke.DirectMethodHandle$Holder.invokeVirtual(java.lang.Object, java.lang.Object, java.lang.Object, java.lang.Object)'> (0x00000006d546be78) 
thrown [s\open\src\hotspot\share\interpreter\linkResolver.cpp, line 759]
Event: 1.090 Thread 0x000002a394e629e0 Exception <a 'java/lang/NoSuchMethodError'{0x00000006d5530130}: 'java.lang.Object java.lang.invoke.DirectMethodHandle$Holder.invokeSpecial(java.lang.Object, java.lang.Object, long, java.lang.Object, java.lang.Object, java.lang.Object, java.lang.Object, java.lang.Object, java.lang.Object)'> (0x00000006d5530130) 
thrown [s\open\src\hotspot\share\interpreter\linkResolver.cpp, line 759]
Event: 1.090 Thread 0x000002a394e629e0 Exception <a 'java/lang/NoSuchMethodError'{0x00000006d55349b0}: 'java.lang.Object java.lang.invoke.DelegatingMethodHandle$Holder.reinvoke_L(java.lang.Object, long, java.lang.Object, java.lang.Object, java.lang.Object, java.lang.Object, java.lang.Object, java.lang.Object)'> (0x00000006d55349b0) 
thrown [s\open\src\hotspot\share\interpreter\linkResolver.cpp, line 759]
Event: 1.146 Thread 0x000002a394e629e0 Exception <a 'java/lang/NoSuchMethodError'{0x00000006d4cd8f38}: 'java.lang.Object java.lang.invoke.DirectMethodHandle$Holder.invokeSpecial(java.lang.Object, java.lang.Object, java.lang.Object, java.lang.Object, java.lang.Object, java.lang.Object, java.lang.Object, java.lang.Object, java.lang.Object)'> (0x00000006d4cd8f38) 
thrown [s\open\src\hotspot\share\interpreter\linkResolver.cpp, line 759]
Event: 1.146 Thread 0x000002a394e629e0 Exception <a 'java/lang/NoSuchMethodError'{0x00000006d4cdd860}: 'java.lang.Object java.lang.invoke.Invokers$Holder.invoke_MT(java.lang.Object, java.lang.Object, java.lang.Object, java.lang.Object, java.lang.Object, java.lang.Object, java.lang.Object, java.lang.Object, java.lang.Object)'> (0x00000006d4cdd860) 
thrown [s\open\src\hotspot\share\interpreter\linkResolver.cpp, line 759]
Event: 1.158 Thread 0x000002a394e629e0 Exception <a 'java/lang/IncompatibleClassChangeError'{0x00000006d4edf3b8}: Found class java.lang.Object, but interface was expected> (0x00000006d4edf3b8) 
thrown [s\open\src\hotspot\share\interpreter\linkResolver.cpp, line 826]
Event: 1.160 Thread 0x000002a3f6cd1420 Exception <a 'java/lang/NoSuchMethodError'{0x00000006d4e806e8}: static [B.<clinit>()V> (0x00000006d4e806e8) 
thrown [s\open\src\hotspot\share\prims\jni.cpp, line 1112]
Event: 1.169 Thread 0x000002a3f6cd1420 Exception <a 'java/lang/ClassNotFoundException'{0x00000006d492c8e0}: javax/management/remote/rmi/RMIConnectionImpl_Skel> (0x00000006d492c8e0) 
thrown [s\open\src\hotspot\share\classfile\systemDictionary.cpp, line 256]
Event: 1.177 Thread 0x000002a3f6cd1420 Exception <a 'java/lang/reflect/InvocationTargetException'{0x00000006d49ef0f0}> (0x00000006d49ef0f0) 
thrown [s\open\src\hotspot\share\runtime\reflection.cpp, line 1121]
Event: 1.180 Thread 0x000002a3f6cb67e0 Exception <a 'java/lang/NoSuchMethodError'{0x00000006d49de1d8}: 'java.lang.Object java.lang.invoke.Invokers$Holder.invoke_MT(java.lang.Object, java.lang.Object, java.lang.Object)'> (0x00000006d49de1d8) 
thrown [s\open\src\hotspot\share\interpreter\linkResolver.cpp, line 759]
Event: 1.181 Thread 0x000002a3f6cd1420 Exception <a 'java/lang/NoSuchMethodError'{0x00000006d4a1f000}: static [Ljava/lang/StackTraceElement;.<clinit>()V> (0x00000006d4a1f000) 
thrown [s\open\src\hotspot\share\prims\jni.cpp, line 1112]
Event: 1.249 Thread 0x000002a394e629e0 Exception <a 'java/lang/NoSuchMethodError'{0x00000006d41861b0}: 'java.lang.Object java.lang.invoke.DirectMethodHandle$Holder.invokeStatic(java.lang.Object, int, java.lang.Object)'> (0x00000006d41861b0) 
thrown [s\open\src\hotspot\share\interpreter\linkResolver.cpp, line 759]

VM Operations (20 events):
Event: 0.555 Executing VM operation: HandshakeAllThreads
Event: 0.555 Executing VM operation: HandshakeAllThreads done
Event: 0.775 Executing VM operation: HandshakeAllThreads
Event: 0.775 Executing VM operation: HandshakeAllThreads done
Event: 0.847 Executing VM operation: G1CollectForAllocation
Event: 0.850 Executing VM operation: G1CollectForAllocation done
Event: 1.055 Executing VM operation: HandshakeAllThreads
Event: 1.055 Executing VM operation: HandshakeAllThreads done
Event: 1.056 Executing VM operation: HandshakeAllThreads
Event: 1.056 Executing VM operation: HandshakeAllThreads done
Event: 1.102 Executing VM operation: ICBufferFull
Event: 1.103 Executing VM operation: ICBufferFull done
Event: 1.134 Executing VM operation: HandshakeAllThreads
Event: 1.134 Executing VM operation: HandshakeAllThreads done
Event: 1.137 Executing VM operation: HandshakeAllThreads
Event: 1.137 Executing VM operation: HandshakeAllThreads done
Event: 1.168 Executing VM operation: HandshakeAllThreads
Event: 1.168 Executing VM operation: HandshakeAllThreads done
Event: 1.317 Executing VM operation: HandshakeAllThreads
Event: 1.317 Executing VM operation: HandshakeAllThreads done

Events (20 events):
Event: 1.342 loading class org/springframework/beans/PropertyDescriptorUtils$BasicPropertyDescriptor
Event: 1.342 loading class org/springframework/beans/PropertyDescriptorUtils$BasicPropertyDescriptor done
Event: 1.342 loading class org/hibernate/validator/internal/util/privilegedactions/GetDeclaredMethods
Event: 1.342 loading class org/hibernate/validator/internal/util/privilegedactions/GetDeclaredMethods done
Event: 1.342 loading class org/hibernate/validator/internal/properties/javabean/JavaBeanHelper$JavaBeanConstrainableExecutable
Event: 1.342 loading class org/hibernate/validator/internal/properties/javabean/JavaBeanHelper$JavaBeanConstrainableExecutable done
Event: 1.342 loading class java/beans/MethodRef
Event: 1.342 loading class java/beans/MethodRef done
Event: 1.342 loading class org/springframework/beans/SimpleBeanInfoFactory$1
Event: 1.342 loading class org/springframework/beans/SimpleBeanInfoFactory$1 done
Event: 1.342 loading class java/beans/SimpleBeanInfo
Event: 1.342 loading class java/beans/SimpleBeanInfo done
Event: 1.343 loading class org/hibernate/validator/internal/metadata/raw/ConstrainedElement$ConstrainedElementKind
Event: 1.343 loading class org/hibernate/validator/internal/metadata/raw/ConstrainedElement$ConstrainedElementKind done
Event: 1.343 loading class com/sun/beans/TypeResolver
Event: 1.343 loading class org/hibernate/validator/internal/metadata/location/ConstraintLocation$ConstraintLocationKind
Event: 1.343 loading class org/hibernate/validator/internal/metadata/location/ConstraintLocation$ConstraintLocationKind done
Event: 1.343 loading class com/sun/beans/TypeResolver done
Event: 1.343 loading class com/sun/beans/WeakCache
Event: 1.343 loading class com/sun/beans/WeakCache done


Dynamic libraries:
0x00007ff738320000 - 0x00007ff738330000 	C:\Program Files\Java\jdk-17\bin\java.exe
0x00007ffa72280000 - 0x00007ffa724e8000 	C:\WINDOWS\SYSTEM32\ntdll.dll
0x00007ffa70eb0000 - 0x00007ffa70f79000 	C:\WINDOWS\System32\KERNEL32.DLL
0x00007ffa6f820000 - 0x00007ffa6fc12000 	C:\WINDOWS\System32\KERNELBASE.dll
0x00007ffa6fc20000 - 0x00007ffa6fd6b000 	C:\WINDOWS\System32\ucrtbase.dll
0x00007ffa5ddd0000 - 0x00007ffa5ddeb000 	C:\Program Files\Java\jdk-17\bin\VCRUNTIME140.dll
0x00007ffa67870000 - 0x00007ffa67889000 	C:\Program Files\Java\jdk-17\bin\jli.dll
0x00007ffa71fa0000 - 0x00007ffa72054000 	C:\WINDOWS\System32\ADVAPI32.dll
0x00007ffa70ae0000 - 0x00007ffa70b89000 	C:\WINDOWS\System32\msvcrt.dll
0x00007ffa70bc0000 - 0x00007ffa70c66000 	C:\WINDOWS\System32\sechost.dll
0x00007ffa70f90000 - 0x00007ffa710a8000 	C:\WINDOWS\System32\RPCRT4.dll
0x00007ffa71640000 - 0x00007ffa71805000 	C:\WINDOWS\System32\USER32.dll
0x00007ffa5b780000 - 0x00007ffa5ba13000 	C:\WINDOWS\WinSxS\amd64_microsoft.windows.common-controls_6595b64144ccf1df_6.0.26100.6899_none_3e0efeeae32e88c1\COMCTL32.dll
0x00007ffa6f7f0000 - 0x00007ffa6f817000 	C:\WINDOWS\System32\win32u.dll
0x00007ffa71340000 - 0x00007ffa7136b000 	C:\WINDOWS\System32\GDI32.dll
0x00007ffa6f610000 - 0x00007ffa6f73d000 	C:\WINDOWS\System32\gdi32full.dll
0x00007ffa6f740000 - 0x00007ffa6f7e3000 	C:\WINDOWS\System32\msvcp_win.dll
0x00007ffa66a50000 - 0x00007ffa66a5b000 	C:\WINDOWS\SYSTEM32\VERSION.dll
0x00007ffa71f60000 - 0x00007ffa71f8f000 	C:\WINDOWS\System32\IMM32.DLL
0x00007ffa5dcf0000 - 0x00007ffa5dcfc000 	C:\Program Files\Java\jdk-17\bin\vcruntime140_1.dll
0x00007ffa59ba0000 - 0x00007ffa59c2e000 	C:\Program Files\Java\jdk-17\bin\msvcp140.dll
0x00007ff9d38f0000 - 0x00007ff9d44d1000 	C:\Program Files\Java\jdk-17\bin\server\jvm.dll
0x00007ffa70ea0000 - 0x00007ffa70ea8000 	C:\WINDOWS\System32\PSAPI.DLL
0x00007ffa57810000 - 0x00007ffa5781a000 	C:\WINDOWS\SYSTEM32\WSOCK32.dll
0x00007ffa64850000 - 0x00007ffa64885000 	C:\WINDOWS\SYSTEM32\WINMM.dll
0x00007ffa712c0000 - 0x00007ffa71334000 	C:\WINDOWS\System32\WS2_32.dll
0x00007ffa6e1a0000 - 0x00007ffa6e1bb000 	C:\WINDOWS\SYSTEM32\kernel.appcore.dll
0x00007ffa59c60000 - 0x00007ffa59c6a000 	C:\Program Files\Java\jdk-17\bin\jimage.dll
0x00007ffa6cdc0000 - 0x00007ffa6d002000 	C:\WINDOWS\SYSTEM32\DBGHELP.DLL
0x00007ffa70050000 - 0x00007ffa703cb000 	C:\WINDOWS\System32\combase.dll
0x00007ffa70420000 - 0x00007ffa704f7000 	C:\WINDOWS\System32\OLEAUT32.dll
0x00007ffa57710000 - 0x00007ffa5774c000 	C:\WINDOWS\SYSTEM32\dbgcore.DLL
0x00007ffa6fd70000 - 0x00007ffa6fe08000 	C:\WINDOWS\System32\bcryptPrimitives.dll
0x00007ffa42ea0000 - 0x00007ffa42edb000 	C:\Program Files\Java\jdk-17\bin\jdwp.dll
0x00007ffa59b00000 - 0x00007ffa59b0e000 	C:\Program Files\Java\jdk-17\bin\instrument.dll
0x00007ffa59b70000 - 0x00007ffa59b95000 	C:\Program Files\Java\jdk-17\bin\java.dll
0x00007ffa59b10000 - 0x00007ffa59b28000 	C:\Program Files\Java\jdk-17\bin\zip.dll
0x00007ffa35300000 - 0x00007ffa353d7000 	C:\Program Files\Java\jdk-17\bin\jsvml.dll
0x00007ffa71810000 - 0x00007ffa71f5d000 	C:\WINDOWS\System32\SHELL32.dll
0x00007ffa6f4a0000 - 0x00007ffa6f60b000 	C:\WINDOWS\System32\wintypes.dll
0x00007ffa6d040000 - 0x00007ffa6d89d000 	C:\WINDOWS\SYSTEM32\windows.storage.dll
0x00007ffa710b0000 - 0x00007ffa711a2000 	C:\WINDOWS\System32\SHCORE.dll
0x00007ffa70560000 - 0x00007ffa705c2000 	C:\WINDOWS\System32\shlwapi.dll
0x00007ffa6f330000 - 0x00007ffa6f359000 	C:\WINDOWS\SYSTEM32\profapi.dll
0x00007ffa59af0000 - 0x00007ffa59afc000 	C:\Program Files\Java\jdk-17\bin\dt_socket.dll
0x00007ffa6dba0000 - 0x00007ffa6dbd4000 	C:\WINDOWS\SYSTEM32\IPHLPAPI.DLL
0x00007ffa6e6f0000 - 0x00007ffa6e75b000 	C:\WINDOWS\system32\mswsock.dll
0x00007ffa59b50000 - 0x00007ffa59b69000 	C:\Program Files\Java\jdk-17\bin\net.dll
0x00007ffa688e0000 - 0x00007ffa689ff000 	C:\WINDOWS\SYSTEM32\WINHTTP.dll
0x00007ffa59b30000 - 0x00007ffa59b46000 	C:\Program Files\Java\jdk-17\bin\nio.dll
0x00007ffa6dc30000 - 0x00007ffa6dd56000 	C:\WINDOWS\SYSTEM32\DNSAPI.dll
0x00007ffa71630000 - 0x00007ffa7163a000 	C:\WINDOWS\System32\NSI.dll
0x00007ffa68720000 - 0x00007ffa6872b000 	C:\Windows\System32\rasadhlp.dll
0x00007ffa67d20000 - 0x00007ffa67da6000 	C:\WINDOWS\System32\fwpuclnt.dll
0x00007ffa59ae0000 - 0x00007ffa59aea000 	C:\Program Files\Java\jdk-17\bin\management.dll
0x00007ffa52ca0000 - 0x00007ffa52cab000 	C:\Program Files\Java\jdk-17\bin\management_ext.dll
0x00007ffa6ead0000 - 0x00007ffa6eaeb000 	C:\WINDOWS\SYSTEM32\CRYPTSP.dll
0x00007ffa6e100000 - 0x00007ffa6e13b000 	C:\WINDOWS\system32\rsaenh.dll
0x00007ffa6e790000 - 0x00007ffa6e7bb000 	C:\WINDOWS\SYSTEM32\USERENV.dll
0x00007ffa6f300000 - 0x00007ffa6f326000 	C:\WINDOWS\SYSTEM32\bcrypt.dll
0x00007ffa6e930000 - 0x00007ffa6e93c000 	C:\WINDOWS\SYSTEM32\CRYPTBASE.dll
0x00007ffa68c90000 - 0x00007ffa68cae000 	C:\WINDOWS\SYSTEM32\dhcpcsvc6.DLL
0x00007ffa686a0000 - 0x00007ffa686c3000 	C:\WINDOWS\SYSTEM32\dhcpcsvc.DLL
0x00007ffa55460000 - 0x00007ffa55478000 	C:\WINDOWS\system32\napinsp.dll
0x00007ffa55c70000 - 0x00007ffa55c82000 	C:\WINDOWS\System32\winrnr.dll
0x00007ffa55e30000 - 0x00007ffa55e58000 	C:\WINDOWS\system32\nlansp_c.dll
0x00007ffa684c0000 - 0x00007ffa684d6000 	C:\WINDOWS\system32\wshbth.dll

dbghelp: loaded successfully - version: 4.0.5 - missing functions: none
symbol engine: initialized successfully - sym options: 0x614 - pdb path: .;C:\Program Files\Java\jdk-17\bin;C:\WINDOWS\SYSTEM32;C:\WINDOWS\WinSxS\amd64_microsoft.windows.common-controls_6595b64144ccf1df_6.0.26100.6899_none_3e0efeeae32e88c1;C:\Program Files\Java\jdk-17\bin\server

VM Arguments:
jvm_args: -agentlib:jdwp=transport=dt_socket,address=127.0.0.1:55788,suspend=y,server=n -XX:TieredStopAtLevel=1 -Dspring.output.ansi.enabled=always -Dcom.sun.management.jmxremote -Dspring.jmx.enabled=true -Dspring.liveBeansView.mbeanDomain -Dspring.application.admin.enabled=true -Dmanagement.endpoints.jmx.exposure.include=* -javaagent:C:\Users\MOHAME~1\AppData\Local\Temp\captureAgent25884jars\debugger-agent.jar -Dfile.encoding=UTF-8 
java_command: com.pfe.dataops.dataopsapi.DataopsApplication
java_class_path (initial): C:\Users\Mohamed Houssem\IdeaProjects\dataops\target\classes;C:\Users\Mohamed Houssem\.m2\repository\org\springframework\boot\spring-boot-starter-data-jpa\3.5.7\spring-boot-starter-data-jpa-3.5.7.jar;C:\Users\Mohamed Houssem\.m2\repository\org\springframework\boot\spring-boot-starter\3.5.7\spring-boot-starter-3.5.7.jar;C:\Users\Mohamed Houssem\.m2\repository\org\springframework\boot\spring-boot\3.5.7\spring-boot-3.5.7.jar;C:\Users\Mohamed Houssem\.m2\repository\org\springframework\boot\spring-boot-autoconfigure\3.5.7\spring-boot-autoconfigure-3.5.7.jar;C:\Users\Mohamed Houssem\.m2\repository\org\springframework\boot\spring-boot-starter-logging\3.5.7\spring-boot-starter-logging-3.5.7.jar;C:\Users\Mohamed Houssem\.m2\repository\ch\qos\logback\logback-classic\1.5.20\logback-classic-1.5.20.jar;C:\Users\Mohamed Houssem\.m2\repository\ch\qos\logback\logback-core\1.5.20\logback-core-1.5.20.jar;C:\Users\Mohamed Houssem\.m2\repository\org\apache\logging\log4j\log4j-to-slf4j\2.24.3\log4j-to-slf4j-2.24.3.jar;C:\Users\Mohamed Houssem\.m2\repository\org\apache\logging\log4j\log4j-api\2.24.3\log4j-api-2.24.3.jar;C:\Users\Mohamed Houssem\.m2\repository\org\slf4j\jul-to-slf4j\2.0.17\jul-to-slf4j-2.0.17.jar;C:\Users\Mohamed Houssem\.m2\repository\jakarta\annotation\jakarta.annotation-api\2.1.1\jakarta.annotation-api-2.1.1.jar;C:\Users\Mohamed Houssem\.m2\repository\org\yaml\snakeyaml\2.4\snakeyaml-2.4.jar;C:\Users\Mohamed Houssem\.m2\repository\org\springframework\boot\spring-boot-starter-jdbc\3.5.7\spring-boot-starter-jdbc-3.5.7.jar;C:\Users\Mohamed Houssem\.m2\repository\com\zaxxer\HikariCP\6.3.3\HikariCP-6.3.3.jar;C:\Users\Mohamed Houssem\.m2\repository\org\springframework\spring-jdbc\6.2.12\spring-jdbc-6.2.12.jar;C:\Users\Mohamed Houssem\.m2\repository\org\hibernate\orm\hibernate-core\6.6.33.Final\hibernate-core-6.6.33.Final.jar;C:\Users\Mohamed Houssem\.m2\repository\jakarta\persistence\jakarta.persistence-api\3.1.0\jakarta.persistence-api-3.1.0.jar
Launcher Type: SUN_STANDARD

[Global flags]
     intx CICompilerCount                          = 12                                        {product} {ergonomic}
     uint ConcGCThreads                            = 3                                         {product} {ergonomic}
     uint G1ConcRefinementThreads                  = 13                                        {product} {ergonomic}
   size_t G1HeapRegionSize                         = 4194304                                   {product} {ergonomic}
    uintx GCDrainStackTargetSize                   = 64                                        {product} {ergonomic}
   size_t InitialHeapSize                          = 335544320                                 {product} {ergonomic}
     bool ManagementServer                         = true                                      {product} {command line}
   size_t MarkStackSize                            = 4194304                                   {product} {ergonomic}
   size_t MaxHeapSize                              = 5330960384                                {product} {ergonomic}
   size_t MaxNewSize                               = 3196059648                                {product} {ergonomic}
   size_t MinHeapDeltaBytes                        = 4194304                                   {product} {ergonomic}
   size_t MinHeapSize                              = 8388608                                   {product} {ergonomic}
    uintx NonProfiledCodeHeapSize                  = 0                                      {pd product} {ergonomic}
     bool ProfileInterpreter                       = false                                  {pd product} {command line}
    uintx ProfiledCodeHeapSize                     = 0                                      {pd product} {ergonomic}
   size_t SoftMaxHeapSize                          = 5330960384                             {manageable} {ergonomic}
     intx TieredStopAtLevel                        = 1                                         {product} {command line}
     bool UseCompressedClassPointers               = true                           {product lp64_product} {ergonomic}
     bool UseCompressedOops                        = true                           {product lp64_product} {ergonomic}
     bool UseG1GC                                  = true                                      {product} {ergonomic}
     bool UseLargePagesIndividualAllocation        = false                                  {pd product} {ergonomic}

Logging:
Log output configuration:
 #0: stdout all=warning uptime,level,tags
 #1: stderr all=off uptime,level,tags

Environment Variables:
JAVA_HOME=C:\Program Files\Java\jdk-17
PATH=C:\Program Files\Common Files\Oracle\Java\javapath;C:\Python312\Scripts\;C:\Python312\;C:\Program Files (x86)\Common Files\Oracle\Java\java8path;C:\Program Files (x86)\Common Files\Oracle\Java\javapath;C:\Program Files (x86)\VMware\VMware Workstation\bin\;C:\Program Files (x86)\Common Files\Intel\Shared Libraries\redist\intel64\compiler;C:\oraclexe\app\oracle\product\11.2.0\server\bin;C:\Windows\system32;C:\Windows;C:\Windows\System32\Wbem;C:\Windows\System32\WindowsPowerShell\v1.0\;C:\Windows\System32\OpenSSH\;C:\Program Files\Java;C:\Program Files (x86)\dotnet\;C:\Program Files (x86)\CodeBlocks\MinGW\binC:\Program Files\Git\cmd;C:\Program Files\Git\mingw64\bin;C:\Program Files\Git\usr\bin;C:\Users\Mohamed Houssem\Downloads\symfony-cli_windows_amd64 (1)\symfony.exe;C:\Users\Mohamed Houssem\Downloads\symfony-cli_windows_amd64 (1);C:\ProgramData\ComposerSetup\bin;C:\Program Files\NVIDIA Corporation\NVIDIA NvDLISR;C:\Program Files (x86)\NVIDIA Corporation\PhysX\Common;C:\Program Files\Microsoft SQL Server\150\Tools\Binn\;C:\Program Files\Microsoft SQL Server\Client SDK\ODBC\170\Tools\Binn\;C:\Program Files\dotnet\;C:\Users\Mohamed Houssem\Downloads\jdk-17.0.8_windows-x64_bin\jdk-17.0.8\bin;C:\Users\Mohamed Houssem\Downloads\jdk-17.0.8_windows-x64_bin.exe;C:\Program Files\Java\jdk-17\bin;C:\ProgramData\chocolatey\bin;C:\Program Files\MongoDB\Server\4.0\bin;C:\Program Files\Docker\Docker\resources\bin;C:\Program Files\Java\jdk-17\bin;C:\Program Files\nodejs\;C:\WINDOWS\system32;C:\WINDOWS;C:\WINDOWS\System32\Wbem;C:\WINDOWS\System32\WindowsPowerShell\v1.0\;C:\WINDOWS\System32\OpenSSH\;C:\Users\Mohamed Houssem\scoop\shims;C:\Users\Mohamed Houssem\AppData\Local\Microsoft\WindowsApps;C:\Users\Mohamed Houssem\AppData\Local\GitHubDesktop\bin;C:\Users\Mohamed Houssem\AppData\Local\Programs\Microsoft VS Code\bin;C:\MAMP\bin\php\php8.1.0\php;C:\MAMP\bin\php;C:\MAMP\bin\php\php8.0.1\php;C:\MAMP\bin\php\php8.1.0;C:\Users\Mohamed Houssem\AppData\Roaming\Composer\vendor\bin;C:\Us
USERNAME=Mohamed Houssem
OS=Windows_NT
PROCESSOR_IDENTIFIER=AMD64 Family 25 Model 80 Stepping 0, AuthenticAMD



---------------  S Y S T E M  ---------------

OS:
 Windows 11 , 64 bit Build 26100 (10.0.26100.6725)
OS uptime: 7 days 13:14 hours
Hyper-V role detected

CPU: total 16 (initial active 16) (16 cores per cpu, 2 threads per core) family 25 model 80 stepping 0 microcode 0xa50000f, cx8, cmov, fxsr, ht, mmx, 3dnowpref, sse, sse2, sse3, ssse3, sse4a, sse4.1, sse4.2, popcnt, lzcnt, tsc, tscinvbit, avx, avx2, aes, erms, clmul, bmi1, bmi2, adx, sha, fma, vzeroupper, clflush, clflushopt, hv

Memory: 4k page, system-wide physical 20332M (4158M free)
TotalPageFile size 36169M (AvailPageFile size 3M)
current process WorkingSet (physical memory assigned to process): 122M, peak: 122M
current process commit charge ("private bytes"): 449M, peak: 449M

vm_info: Java HotSpot(TM) 64-Bit Server VM (17.0.14+8-LTS-191) for windows-amd64 JRE (17.0.14+8-LTS-191), built on Dec  3 2024 11:07:59 by "mach5one" with MS VC++ 17.6 (VS2022)

END.
